Build started 18/10/2013 4:24:26 PM.
     1>Project "C:\_testprojects\aiplugins\scriptographer\build\win\Scriptographer.vcxproj" on node 2 (build target(s)).
     1>InitializeBuildStatus:
         Touching "CC Release\Scriptographer.unsuccessfulbuild".
       ClCompile:
         All outputs are up-to-date.
         c:\Program Files (x86)\Microsoft Visual Studio 10.0\VC\bin\CL.exe /c /I..\..\src\native\win /I..\..\src\native\jni /I..\..\src\native\plugin /I"..\..\..\adobe\Adobe Illustrator CC SDK\illustratorapi" /I"..\..\..\adobe\Adobe Illustrator CC SDK\illustratorapi\adm" /I"..\..\..\adobe\Adobe Illustrator CC SDK\illustratorapi\ate" /I"..\..\..\adobe\Adobe Illustrator CC SDK\illustratorapi\illustrator" /I"..\..\..\adobe\Adobe Illustrator CC SDK\illustratorapi\general" /I"..\..\..\adobe\Adobe Illustrator CC SDK\illustratorapi\pica_sp" /I"..\..\..\adobe\Adobe Illustrator CC SDK\illustratorapi\illustrator\legacy" /nologo /W1 /WX- /Ox /Oy- /D WIN32 /D _WINDOWS /D WIN_ENV /D _VC80_UPGRADE=0x0710 /GF /Gm- /EHa /MTd /Zp4 /GS /Gy- /fp:precise /Zc:wchar_t /Zc:forScope /Yu"stdHeaders.h" /Fp"CC Release\Scriptographer.pch" /Fo"CC Release\\" /Fd"CC Release\vc100.pdb" /FR"CC Release\\" /Gd /TP /analyze- /errorReport:prompt ..\..\src\native\jni\com_scriptographer_ScriptographerEngine.cpp ..\..\src\native\jni\com_scriptographer_ai_Annotator.cpp ..\..\src\native\jni\com_scriptographer_ai_AreaText.cpp ..\..\src\native\jni\com_scriptographer_ai_ArtboardList.cpp ..\..\src\native\jni\com_scriptographer_ai_CharacterStyle.cpp ..\..\src\native\jni\com_scriptographer_ai_Color.cpp ..\..\src\native\jni\com_scriptographer_ai_Curve.cpp ..\..\src\native\jni\com_scriptographer_ai_Dictionary.cpp ..\..\src\native\jni\com_scriptographer_ai_Document.cpp ..\..\src\native\jni\com_scriptographer_ai_DocumentList.cpp ..\..\src\native\jni\com_scriptographer_ai_DocumentView.cpp ..\..\src\native\jni\com_scriptographer_ai_DocumentViewList.cpp ..\..\src\native\jni\com_scriptographer_ai_FileFormat.cpp ..\..\src\native\jni\com_scriptographer_ai_FontFamily.cpp ..\..\src\native\jni\com_scriptographer_ai_FontList.cpp ..\..\src\native\jni\com_scriptographer_ai_FontWeight.cpp ..\..\src\native\jni\com_scriptographer_ai_Gradient.cpp ..\..\src\native\jni\com_scriptographer_ai_GradientStopList.cpp ..\..\src\native\jni\com_scriptographer_ai_Group.cpp ..\..\src\native\jni\com_scriptographer_ai_Item.cpp ..\..\src\native\jni\com_scriptographer_ai_Layer.cpp ..\..\src\native\jni\com_scriptographer_ai_LayerList.cpp ..\..\src\native\jni\com_scriptographer_ai_LiveEffect.cpp ..\..\src\native\jni\com_scriptographer_ai_ParagraphStyle.cpp ..\..\src\native\jni\com_scriptographer_ai_Path.cpp ..\..\src\native\jni\com_scriptographer_ai_PathStyle.cpp ..\..\src\native\jni\com_scriptographer_ai_PathText.cpp ..\..\src\native\jni\com_scriptographer_ai_Pathfinder.cpp ..\..\src\native\jni\com_scriptographer_ai_Pattern.cpp ..\..\src\native\jni\com_scriptographer_ai_PlacedFile.cpp ..\..\src\native\jni\com_scriptographer_ai_PlacedSymbol.cpp ..\..\src\native\jni\com_scriptographer_ai_PointText.cpp ..\..\src\native\jni\com_scriptographer_ai_Raster.cpp ..\..\src\native\jni\com_scriptographer_ai_SegmentList.cpp ..\..\src\native\jni\com_scriptographer_ai_Swatch.cpp ..\..\src\native\jni\com_scriptographer_ai_SwatchList.cpp ..\..\src\native\jni\com_scriptographer_ai_Symbol.cpp ..\..\src\native\jni\com_scriptographer_ai_SymbolList.cpp ..\..\src\native\jni\com_scriptographer_ai_TextItem.cpp ..\..\src\native\jni\com_scriptographer_ai_TextRange.cpp ..\..\src\native\jni\com_scriptographer_ai_TextStory.cpp ..\..\src\native\jni\com_scriptographer_ai_TextStoryList.cpp ..\..\src\native\jni\com_scriptographer_ai_Timer.cpp ..\..\src\native\jni\com_scriptographer_ai_Tool.cpp ..\..\src\native\jni\com_scriptographer_ai_Tracing.cpp ..\..\src\native\jni\com_scriptographer_ui_MenuGroup.cpp ..\..\src\native\jni\com_scriptographer_ui_MenuItem.cpp ..\..\src\native\plugin\ScriptographerEngine.cpp ..\..\src\native\plugin\ScriptographerPlugin.cpp
         com_scriptographer_ScriptographerEngine.cpp
         com_scriptographer_ai_Annotator.cpp
         com_scriptographer_ai_AreaText.cpp
         com_scriptographer_ai_ArtboardList.cpp
         com_scriptographer_ai_CharacterStyle.cpp
         com_scriptographer_ai_Color.cpp
         com_scriptographer_ai_Curve.cpp
         com_scriptographer_ai_Dictionary.cpp
         com_scriptographer_ai_Document.cpp
         com_scriptographer_ai_DocumentList.cpp
         com_scriptographer_ai_DocumentView.cpp
         com_scriptographer_ai_DocumentViewList.cpp
         com_scriptographer_ai_FileFormat.cpp
         com_scriptographer_ai_FontFamily.cpp
         com_scriptographer_ai_FontList.cpp
         com_scriptographer_ai_FontWeight.cpp
         com_scriptographer_ai_Gradient.cpp
         com_scriptographer_ai_GradientStopList.cpp
         com_scriptographer_ai_Group.cpp
         com_scriptographer_ai_Item.cpp
         Generating Code...
         Compiling...
         com_scriptographer_ai_Layer.cpp
         com_scriptographer_ai_LayerList.cpp
         com_scriptographer_ai_LiveEffect.cpp
         com_scriptographer_ai_ParagraphStyle.cpp
         com_scriptographer_ai_Path.cpp
         com_scriptographer_ai_PathStyle.cpp
         com_scriptographer_ai_PathText.cpp
         com_scriptographer_ai_Pathfinder.cpp
         com_scriptographer_ai_Pattern.cpp
         com_scriptographer_ai_PlacedFile.cpp
         com_scriptographer_ai_PlacedSymbol.cpp
         com_scriptographer_ai_PointText.cpp
         com_scriptographer_ai_Raster.cpp
         com_scriptographer_ai_SegmentList.cpp
         com_scriptographer_ai_Swatch.cpp
         com_scriptographer_ai_SwatchList.cpp
         com_scriptographer_ai_Symbol.cpp
         com_scriptographer_ai_SymbolList.cpp
         com_scriptographer_ai_TextItem.cpp
         com_scriptographer_ai_TextRange.cpp
         Generating Code...
         Compiling...
         com_scriptographer_ai_TextStory.cpp
         com_scriptographer_ai_TextStoryList.cpp
         com_scriptographer_ai_Timer.cpp
         com_scriptographer_ai_Tool.cpp
         com_scriptographer_ai_Tracing.cpp
         com_scriptographer_ui_MenuGroup.cpp
         com_scriptographer_ui_MenuItem.cpp
         ScriptographerEngine.cpp
         ScriptographerPlugin.cpp
         Generating Code...
     1>c:\_testprojects\aiplugins\scriptographer\src\native\plugin\scriptographerengine.cpp(1574): warning C4700: uninitialized local variable 'dst' used
         All outputs are up-to-date.
         All outputs are up-to-date.
         All outputs are up-to-date.
         All outputs are up-to-date.
         All outputs are up-to-date.
       ResourceCompile:
         C:\Program Files (x86)\Microsoft SDKs\Windows\v7.0A\bin\rc.exe /D _DEBUG /D _VC80_UPGRADE=0x0710 /l"0x0409" /Iresources /nologo /fo"CC Release\plugin.res" resources\plugin.rc 
       ManifestResourceCompile:
         All outputs are up-to-date.
     1>C:\Program Files (x86)\MSBuild\Microsoft.Cpp\v4.0\Microsoft.CppBuild.targets(990,5): warning MSB8012: TargetPath(C:\_testprojects\aiplugins\scriptographer\build\win\CC Release\Scriptographer.exe) does not match the Linker's OutputFile property value (C:\_testprojects\aiplugins\scriptographer\build\win\CC Release\Scriptographer.aip). This may cause your project to build incorrectly. To correct this, please make sure that $(OutDir), $(TargetName) and $(TargetExt) property values match the value specified in %(Link.OutputFile).
     1>C:\Program Files (x86)\MSBuild\Microsoft.Cpp\v4.0\Microsoft.CppBuild.targets(991,5): warning MSB8012: TargetExt(.exe) does not match the Linker's OutputFile property value (.aip). This may cause your project to build incorrectly. To correct this, please make sure that $(OutDir), $(TargetName) and $(TargetExt) property values match the value specified in %(Link.OutputFile).
       Link:
         c:\Program Files (x86)\Microsoft Visual Studio 10.0\VC\bin\link.exe /ERRORREPORT:PROMPT /OUT:"C:\_testprojects\aiplugins\scriptographer\build\win\CC Release\Scriptographer.aip" /INCREMENTAL /NOLOGO kernel32.lib user32.lib gdi32.lib winspool.lib comdlg32.lib advapi32.lib shell32.lib ole32.lib oleaut32.lib uuid.lib odbc32.lib odbccp32.lib /MANIFEST /ManifestFile:"CC Release\Scriptographer.exe.intermediate.manifest" /MANIFESTUAC:"level='asInvoker' uiAccess='false'" /PDB:"C:\_testprojects\aiplugins\scriptographer\build\win\CC Release\Scriptographer.pdb" /SUBSYSTEM:WINDOWS /TLBID:1 /DYNAMICBASE /NXCOMPAT /IMPLIB:"C:\_testprojects\aiplugins\scriptographer\build\win\CC Release\Scriptographer.lib" /MACHINE:X86 "CC Release\plugin.res"
         "CC Release\Scriptographer.exe.embed.manifest.res"
         "CC Release\com_scriptographer_ScriptographerEngine.obj"
         "CC Release\com_scriptographer_ai_Annotator.obj"
         "CC Release\com_scriptographer_ai_AreaText.obj"
         "CC Release\com_scriptographer_ai_ArtboardList.obj"
         "CC Release\com_scriptographer_ai_CharacterStyle.obj"
         "CC Release\com_scriptographer_ai_Color.obj"
         "CC Release\com_scriptographer_ai_Curve.obj"
         "CC Release\com_scriptographer_ai_Dictionary.obj"
         "CC Release\com_scriptographer_ai_Document.obj"
         "CC Release\com_scriptographer_ai_DocumentList.obj"
         "CC Release\com_scriptographer_ai_DocumentView.obj"
         "CC Release\com_scriptographer_ai_DocumentViewList.obj"
         "CC Release\com_scriptographer_ai_FileFormat.obj"
         "CC Release\com_scriptographer_ai_FontFamily.obj"
         "CC Release\com_scriptographer_ai_FontList.obj"
         "CC Release\com_scriptographer_ai_FontWeight.obj"
         "CC Release\com_scriptographer_ai_Gradient.obj"
         "CC Release\com_scriptographer_ai_GradientStopList.obj"
         "CC Release\com_scriptographer_ai_Group.obj"
         "CC Release\com_scriptographer_ai_Item.obj"
         "CC Release\com_scriptographer_ai_Layer.obj"
         "CC Release\com_scriptographer_ai_LayerList.obj"
         "CC Release\com_scriptographer_ai_LiveEffect.obj"
         "CC Release\com_scriptographer_ai_ParagraphStyle.obj"
         "CC Release\com_scriptographer_ai_Path.obj"
         "CC Release\com_scriptographer_ai_Pathfinder.obj"
         "CC Release\com_scriptographer_ai_PathStyle.obj"
         "CC Release\com_scriptographer_ai_PathText.obj"
         "CC Release\com_scriptographer_ai_Pattern.obj"
         "CC Release\com_scriptographer_ai_PlacedFile.obj"
         "CC Release\com_scriptographer_ai_PlacedSymbol.obj"
         "CC Release\com_scriptographer_ai_PointText.obj"
         "CC Release\com_scriptographer_ai_Raster.obj"
         "CC Release\com_scriptographer_ai_SegmentList.obj"
         "CC Release\com_scriptographer_ai_Swatch.obj"
         "CC Release\com_scriptographer_ai_SwatchList.obj"
         "CC Release\com_scriptographer_ai_Symbol.obj"
         "CC Release\com_scriptographer_ai_SymbolList.obj"
         "CC Release\com_scriptographer_ai_TextItem.obj"
         "CC Release\com_scriptographer_ai_TextRange.obj"
         "CC Release\com_scriptographer_ai_TextStory.obj"
         "CC Release\com_scriptographer_ai_TextStoryList.obj"
         "CC Release\com_scriptographer_ai_Timer.obj"
         "CC Release\com_scriptographer_ai_Tool.obj"
         "CC Release\com_scriptographer_ai_Tracing.obj"
         "CC Release\com_scriptographer_ui_MenuGroup.obj"
         "CC Release\com_scriptographer_ui_MenuItem.obj"
         "CC Release\AppContext.obj"
         "CC Release\exceptions.obj"
         "CC Release\loadJava.obj"
         "CC Release\ScriptographerEngine.obj"
         "CC Release\ScriptographerPlugin.obj"
         "CC Release\stdHeaders.obj"
         "CC Release\suites.obj"
         "CC Release\IAIArtboards.obj"
         "CC Release\IAIFilePath3.obj"
         "CC Release\IAIUnicodeString3.obj"
         "CC Release\IText3.obj"
         "CC Release\IThrowException3.obj"
            Creating library C:\_testprojects\aiplugins\scriptographer\build\win\CC Release\Scriptographer.lib and object C:\_testprojects\aiplugins\scriptographer\build\win\CC Release\Scriptographer.exp
     1>ScriptographerEngine.obj : error LNK2019: unresolved external symbol "public: int __thiscall ScriptographerEngine::callOnHandleEvent(int)" (?callOnHandleEvent@ScriptographerEngine@@QAEHH@Z) referenced in function "public: int __thiscall ScriptographerEngine::onStartup(void)" (?onStartup@ScriptographerEngine@@QAEHXZ)
     1>ScriptographerPlugin.obj : error LNK2001: unresolved external symbol "public: int __thiscall ScriptographerEngine::callOnHandleEvent(int)" (?callOnHandleEvent@ScriptographerEngine@@QAEHH@Z)
     1>ScriptographerEngine.obj : error LNK2019: unresolved external symbol "public: void __thiscall ScriptographerEngine::registerNatives(struct JNIEnv_ *)" (?registerNatives@ScriptographerEngine@@QAEXPAUJNIEnv_@@@Z) referenced in function "public: void __thiscall ScriptographerEngine::init(void)" (?init@ScriptographerEngine@@QAEXXZ)
     1>ScriptographerPlugin.obj : error LNK2019: unresolved external symbol "public: bool __thiscall ScriptographerEngine::callOnHandleKeyEvent(int,unsigned int,unsigned short,unsigned int)" (?callOnHandleKeyEvent@ScriptographerEngine@@QAE_NHIGI@Z) referenced in function "public: static long __stdcall ScriptographerPlugin::getMessageProc(int,unsigned int,long)" (?getMessageProc@ScriptographerPlugin@@SGJHIJ@Z)
     1>LIBCMTD.lib(wincrt0.obj) : error LNK2019: unresolved external symbol _WinMain@16 referenced in function ___tmainCRTStartup
     1>C:\_testprojects\aiplugins\scriptographer\build\win\CC Release\Scriptographer.aip : fatal error LNK1120: 4 unresolved externals
     1>Done Building Project "C:\_testprojects\aiplugins\scriptographer\build\win\Scriptographer.vcxproj" (build target(s)) -- FAILED.

Build FAILED.

Time Elapsed 00:00:16.66
