Build started 18/10/2013 6:05:56 PM.
     1>Project "C:\_testprojects\aiplugins\scriptographer\build\win\Scriptographer.vcxproj" on node 2 (build target(s)).
     1>InitializeBuildStatus:
         Touching "CC Debug\Scriptographer.unsuccessfulbuild".
       ClCompile:
         All outputs are up-to-date.
         All outputs are up-to-date.
         All outputs are up-to-date.
         All outputs are up-to-date.
         All outputs are up-to-date.
         All outputs are up-to-date.
         All outputs are up-to-date.
       ResourceCompile:
         All outputs are up-to-date.
       ManifestResourceCompile:
         All outputs are up-to-date.
     1>C:\Program Files (x86)\MSBuild\Microsoft.Cpp\v4.0\Microsoft.CppBuild.targets(990,5): warning MSB8012: TargetPath(C:\_testprojects\aiplugins\scriptographer\build\win\CC Debug\Scriptographer.exe) does not match the Linker's OutputFile property value (C:\_testprojects\aiplugins\scriptographer\build\win\CC Debug\Scriptographer.aip). This may cause your project to build incorrectly. To correct this, please make sure that $(OutDir), $(TargetName) and $(TargetExt) property values match the value specified in %(Link.OutputFile).
     1>C:\Program Files (x86)\MSBuild\Microsoft.Cpp\v4.0\Microsoft.CppBuild.targets(991,5): warning MSB8012: TargetExt(.exe) does not match the Linker's OutputFile property value (.aip). This may cause your project to build incorrectly. To correct this, please make sure that $(OutDir), $(TargetName) and $(TargetExt) property values match the value specified in %(Link.OutputFile).
       Link:
         c:\Program Files (x86)\Microsoft Visual Studio 10.0\VC\bin\link.exe /ERRORREPORT:PROMPT /OUT:"C:\_testprojects\aiplugins\scriptographer\build\win\CC Debug\Scriptographer.aip" /INCREMENTAL /NOLOGO kernel32.lib user32.lib gdi32.lib winspool.lib comdlg32.lib advapi32.lib shell32.lib ole32.lib oleaut32.lib uuid.lib odbc32.lib odbccp32.lib /MANIFEST /ManifestFile:"CC Debug\Scriptographer.exe.intermediate.manifest" /MANIFESTUAC:"level='asInvoker' uiAccess='false'" /DEBUG /PDB:"C:\_testprojects\aiplugins\scriptographer\build\win\CC Debug\Scriptographer.pdb" /SUBSYSTEM:WINDOWS /TLBID:1 /DYNAMICBASE /NXCOMPAT /IMPLIB:"C:\_testprojects\aiplugins\scriptographer\build\win\CC Debug\Scriptographer.lib" /MACHINE:X86 "CC Debug\plugin.res"
         "CC Debug\Scriptographer.exe.embed.manifest.res"
         "CC Debug\com_scriptographer_ScriptographerEngine.obj"
         "CC Debug\com_scriptographer_ai_Annotator.obj"
         "CC Debug\com_scriptographer_ai_AreaText.obj"
         "CC Debug\com_scriptographer_ai_ArtboardList.obj"
         "CC Debug\com_scriptographer_ai_CharacterStyle.obj"
         "CC Debug\com_scriptographer_ai_Color.obj"
         "CC Debug\com_scriptographer_ai_Curve.obj"
         "CC Debug\com_scriptographer_ai_Dictionary.obj"
         "CC Debug\com_scriptographer_ai_Document.obj"
         "CC Debug\com_scriptographer_ai_DocumentList.obj"
         "CC Debug\com_scriptographer_ai_DocumentView.obj"
         "CC Debug\com_scriptographer_ai_DocumentViewList.obj"
         "CC Debug\com_scriptographer_ai_FileFormat.obj"
         "CC Debug\com_scriptographer_ai_FontFamily.obj"
         "CC Debug\com_scriptographer_ai_FontList.obj"
         "CC Debug\com_scriptographer_ai_FontWeight.obj"
         "CC Debug\com_scriptographer_ai_Gradient.obj"
         "CC Debug\com_scriptographer_ai_GradientStopList.obj"
         "CC Debug\com_scriptographer_ai_Group.obj"
         "CC Debug\com_scriptographer_ai_Item.obj"
         "CC Debug\com_scriptographer_ai_Layer.obj"
         "CC Debug\com_scriptographer_ai_LayerList.obj"
         "CC Debug\com_scriptographer_ai_LiveEffect.obj"
         "CC Debug\com_scriptographer_ai_ParagraphStyle.obj"
         "CC Debug\com_scriptographer_ai_Path.obj"
         "CC Debug\com_scriptographer_ai_Pathfinder.obj"
         "CC Debug\com_scriptographer_ai_PathStyle.obj"
         "CC Debug\com_scriptographer_ai_PathText.obj"
         "CC Debug\com_scriptographer_ai_Pattern.obj"
         "CC Debug\com_scriptographer_ai_PlacedFile.obj"
         "CC Debug\com_scriptographer_ai_PlacedSymbol.obj"
         "CC Debug\com_scriptographer_ai_PointText.obj"
         "CC Debug\com_scriptographer_ai_Raster.obj"
         "CC Debug\com_scriptographer_ai_SegmentList.obj"
         "CC Debug\com_scriptographer_ai_Swatch.obj"
         "CC Debug\com_scriptographer_ai_SwatchList.obj"
         "CC Debug\com_scriptographer_ai_Symbol.obj"
         "CC Debug\com_scriptographer_ai_SymbolList.obj"
         "CC Debug\com_scriptographer_ai_TextItem.obj"
         "CC Debug\com_scriptographer_ai_TextRange.obj"
         "CC Debug\com_scriptographer_ai_TextStory.obj"
         "CC Debug\com_scriptographer_ai_TextStoryList.obj"
         "CC Debug\com_scriptographer_ai_Timer.obj"
         "CC Debug\com_scriptographer_ai_Tool.obj"
         "CC Debug\com_scriptographer_ai_Tracing.obj"
         "CC Debug\com_scriptographer_ui_MenuGroup.obj"
         "CC Debug\com_scriptographer_ui_MenuItem.obj"
         "CC Debug\AppContext.obj"
         "CC Debug\exceptions.obj"
         "CC Debug\loadJava.obj"
         "CC Debug\ScriptographerEngine.obj"
         "CC Debug\ScriptographerPlugin.obj"
         "CC Debug\stdHeaders.obj"
         "CC Debug\suites.obj"
         "CC Debug\IAIArtboards.obj"
         "CC Debug\IText.obj"
         "CC Debug\IAIFilePath3.obj"
         "CC Debug\IAIUnicodeString3.obj"
         "CC Debug\IThrowException3.obj"
            Creating library C:\_testprojects\aiplugins\scriptographer\build\win\CC Debug\Scriptographer.lib and object C:\_testprojects\aiplugins\scriptographer\build\win\CC Debug\Scriptographer.exp
     1>ScriptographerEngine.obj : error LNK2019: unresolved external symbol "public: void __thiscall ScriptographerEngine::registerNatives(struct JNIEnv_ *)" (?registerNatives@ScriptographerEngine@@QAEXPAUJNIEnv_@@@Z) referenced in function "public: void __thiscall ScriptographerEngine::init(void)" (?init@ScriptographerEngine@@QAEXXZ)
     1>LIBCMTD.lib(wincrt0.obj) : error LNK2019: unresolved external symbol _WinMain@16 referenced in function ___tmainCRTStartup
     1>C:\_testprojects\aiplugins\scriptographer\build\win\CC Debug\Scriptographer.aip : fatal error LNK1120: 2 unresolved externals
     1>Done Building Project "C:\_testprojects\aiplugins\scriptographer\build\win\Scriptographer.vcxproj" (build target(s)) -- FAILED.

Build FAILED.

Time Elapsed 00:00:00.57
